2022-10-02 07:10:33,551 INFO com.mongodb.diagnostics.logging.SLF4JLogger trace-id= [cluster-ClusterId{value='6337ea76bbbe0c2f2de7ea4a', description='null'}-localhost:27018] Exception in monitor thread while connecting to server localhost:27018
com.mongodb.MongoNodeIsRecoveringException: Command failed with error 11600 (InterruptedAtShutdown): 'interrupted at shutdown' on server localhost:27018. The full response is {"ok": 0.0, "errmsg": "interrupted at shutdown", "code": 11600, "codeName": "InterruptedAtShutdown"}
	at com.mongodb.internal.connection.ProtocolHelper.createSpecialException(ProtocolHelper.java:266)
	at com.mongodb.internal.connection.ProtocolHelper.getCommandFailureException(ProtocolHelper.java:194)
	at com.mongodb.internal.connection.InternalStreamConnection.receiveCommandMessageResponse(InternalStreamConnection.java:413)
	at com.mongodb.internal.connection.InternalStreamConnection.receive(InternalStreamConnection.java:369)
	at com.mongodb.internal.connection.DefaultServerMonitor$ServerMonitorRunnable.lookupServerDescription(DefaultServerMonitor.java:221)
	at com.mongodb.internal.connection.DefaultServerMonitor$ServerMonitorRunnable.run(DefaultServerMonitor.java:157)
	at java.base/java.lang.Thread.run(Thread.java:834)
2022-10-02 07:10:45,668 INFO com.mongodb.diagnostics.logging.SLF4JLogger trace-id= [cluster-ClusterId{value='6337ea76bbbe0c2f2de7ea4a', description='null'}-localhost:27018] Exception in monitor thread while connecting to server localhost:27018
com.mongodb.MongoSocketOpenException: Exception opening socket
	at com.mongodb.internal.connection.SocketStream.open(SocketStream.java:70)
	at com.mongodb.internal.connection.InternalStreamConnection.open(InternalStreamConnection.java:180)
	at com.mongodb.internal.connection.DefaultServerMonitor$ServerMonitorRunnable.lookupServerDescription(DefaultServerMonitor.java:193)
	at com.mongodb.internal.connection.DefaultServerMonitor$ServerMonitorRunnable.run(DefaultServerMonitor.java:157)
	at java.base/java.lang.Thread.run(Thread.java:834)
Caused by: java.net.ConnectException: Connection refused: connect
	at java.base/java.net.PlainSocketImpl.waitForConnect(Native Method)
	at java.base/java.net.PlainSocketImpl.socketConnect(PlainSocketImpl.java:107)
	at java.base/java.net.AbstractPlainSocketImpl.doConnect(AbstractPlainSocketImpl.java:412)
	at java.base/java.net.AbstractPlainSocketImpl.connectToAddress(AbstractPlainSocketImpl.java:255)
	at java.base/java.net.AbstractPlainSocketImpl.connect(AbstractPlainSocketImpl.java:237)
	at java.base/java.net.SocksSocketImpl.connect(SocksSocketImpl.java:392)
	at java.base/java.net.Socket.connect(Socket.java:608)
	at com.mongodb.internal.connection.SocketStreamHelper.initialize(SocketStreamHelper.java:107)
	at com.mongodb.internal.connection.SocketStream.initializeSocket(SocketStream.java:79)
	at com.mongodb.internal.connection.SocketStream.open(SocketStream.java:65)
	... 4 common frames omitted
2022-10-02 07:16:45,462 INFO com.mongodb.diagnostics.logging.SLF4JLogger trace-id= [cluster-ClusterId{value='6337ea76bbbe0c2f2de7ea4a', description='null'}-localhost:27018] Opened connection [connectionId{localValue:160, serverValue:8}] to localhost:27018
2022-10-02 07:16:45,464 INFO com.mongodb.diagnostics.logging.SLF4JLogger trace-id= [cluster-ClusterId{value='6337ea76bbbe0c2f2de7ea4a', description='null'}-localhost:27018] Monitor thread successfully connected to server with description ServerDescription{address=localhost:27018, type=STANDALONE, state=CONNECTED, ok=true, minWireVersion=0, maxWireVersion=13, maxDocumentSize=16777216, logicalSessionTimeoutMinutes=30, roundTripTimeNanos=5107200}
2022-10-02 07:16:46,088 INFO com.mongodb.diagnostics.logging.SLF4JLogger trace-id= [cluster-rtt-ClusterId{value='6337ea76bbbe0c2f2de7ea4a', description='null'}-localhost:27018] Opened connection [connectionId{localValue:161, serverValue:9}] to localhost:27018
2022-10-02 08:05:26,854 INFO com.mongodb.diagnostics.logging.SLF4JLogger trace-id= [cluster-ClusterId{value='6337ea76bbbe0c2f2de7ea4a', description='null'}-localhost:27018] Exception in monitor thread while connecting to server localhost:27018
com.mongodb.MongoNodeIsRecoveringException: Command failed with error 11600 (InterruptedAtShutdown): 'interrupted at shutdown' on server localhost:27018. The full response is {"ok": 0.0, "errmsg": "interrupted at shutdown", "code": 11600, "codeName": "InterruptedAtShutdown"}
	at com.mongodb.internal.connection.ProtocolHelper.createSpecialException(ProtocolHelper.java:266)
	at com.mongodb.internal.connection.ProtocolHelper.getCommandFailureException(ProtocolHelper.java:194)
	at com.mongodb.internal.connection.InternalStreamConnection.receiveCommandMessageResponse(InternalStreamConnection.java:413)
	at com.mongodb.internal.connection.InternalStreamConnection.receive(InternalStreamConnection.java:369)
	at com.mongodb.internal.connection.DefaultServerMonitor$ServerMonitorRunnable.lookupServerDescription(DefaultServerMonitor.java:221)
	at com.mongodb.internal.connection.DefaultServerMonitor$ServerMonitorRunnable.run(DefaultServerMonitor.java:157)
	at java.base/java.lang.Thread.run(Thread.java:834)
2022-10-02 08:05:38,914 INFO com.mongodb.diagnostics.logging.SLF4JLogger trace-id= [cluster-ClusterId{value='6337ea76bbbe0c2f2de7ea4a', description='null'}-localhost:27018] Exception in monitor thread while connecting to server localhost:27018
com.mongodb.MongoSocketOpenException: Exception opening socket
	at com.mongodb.internal.connection.SocketStream.open(SocketStream.java:70)
	at com.mongodb.internal.connection.InternalStreamConnection.open(InternalStreamConnection.java:180)
	at com.mongodb.internal.connection.DefaultServerMonitor$ServerMonitorRunnable.lookupServerDescription(DefaultServerMonitor.java:193)
	at com.mongodb.internal.connection.DefaultServerMonitor$ServerMonitorRunnable.run(DefaultServerMonitor.java:157)
	at java.base/java.lang.Thread.run(Thread.java:834)
Caused by: java.net.ConnectException: Connection refused: connect
	at java.base/java.net.PlainSocketImpl.waitForConnect(Native Method)
	at java.base/java.net.PlainSocketImpl.socketConnect(PlainSocketImpl.java:107)
	at java.base/java.net.AbstractPlainSocketImpl.doConnect(AbstractPlainSocketImpl.java:412)
	at java.base/java.net.AbstractPlainSocketImpl.connectToAddress(AbstractPlainSocketImpl.java:255)
	at java.base/java.net.AbstractPlainSocketImpl.connect(AbstractPlainSocketImpl.java:237)
	at java.base/java.net.SocksSocketImpl.connect(SocksSocketImpl.java:392)
	at java.base/java.net.Socket.connect(Socket.java:608)
	at com.mongodb.internal.connection.SocketStreamHelper.initialize(SocketStreamHelper.java:107)
	at com.mongodb.internal.connection.SocketStream.initializeSocket(SocketStream.java:79)
	at com.mongodb.internal.connection.SocketStream.open(SocketStream.java:65)
	... 4 common frames omitted
2022-10-02 08:06:25,081 INFO com.mongodb.diagnostics.logging.SLF4JLogger trace-id= [cluster-ClusterId{value='6337ea76bbbe0c2f2de7ea4a', description='null'}-localhost:27018] Opened connection [connectionId{localValue:170, serverValue:3}] to localhost:27018
2022-10-02 08:06:25,082 INFO com.mongodb.diagnostics.logging.SLF4JLogger trace-id= [cluster-ClusterId{value='6337ea76bbbe0c2f2de7ea4a', description='null'}-localhost:27018] Monitor thread successfully connected to server with description ServerDescription{address=localhost:27018, type=STANDALONE, state=CONNECTED, ok=true, minWireVersion=0, maxWireVersion=13, maxDocumentSize=16777216, logicalSessionTimeoutMinutes=30, roundTripTimeNanos=5201600}
2022-10-02 08:06:27,595 INFO com.mongodb.diagnostics.logging.SLF4JLogger trace-id= [cluster-rtt-ClusterId{value='6337ea76bbbe0c2f2de7ea4a', description='null'}-localhost:27018] Opened connection [connectionId{localValue:171, serverValue:6}] to localhost:27018
